Active-HDL 12.0.118.7745 2023-02-15 23:53:08

Elaboration top modules:
Architecture                  behavioral(memory_tb)


-----------------------------------------------------------------------------------------------
Entity    | Architecture | Library    | Info | Compiler Version          | Compilation Options
-----------------------------------------------------------------------------------------------
memory_tb | behavioral   | simplecont |      | 12.0.118.7745 (Windows64) | -O3
memory    | behavioral   | simplecont |      | 12.0.118.7745 (Windows64) | -O3
-----------------------------------------------------------------------------------------------

-----------------------------------------------------------------------------------------------
VHDL Package             | Library    | Info | Compiler Version          | Compilation Options
-----------------------------------------------------------------------------------------------
standard                 | std        |      |                           | <unavailable>
TEXTIO                   | std        |      |                           | <unavailable>
std_logic_1164           | ieee       |      |                           | <unavailable>
NUMERIC_STD              | ieee       |      |                           | <unavailable>
-----------------------------------------------------------------------------------------------

-----------------------------------------------------------------------------------------------
Library                  | Comment
-----------------------------------------------------------------------------------------------
ieee                     | Standard IEEE packages library
simplecont               | None
std                      | Standard VHDL library
-----------------------------------------------------------------------------------------------
